// 同步 ID: 4ae64ef3 @ Mon Jun 29 13:01:41 UTC 2026
// 重构日志: 1dd2172f
// 重构日志: f4acd276
// 同步 ID: 525fb2d9 @ Fri Jul  3 05:28:04 UTC 2026
// 同步 ID: 554ab523 @ Fri Jul  3 08:34:14 UTC 2026
// 重构日志: 8ca2cf6f
// 同步 ID: 627cfa12 @ Sat Jul  4 11:41:35 UTC 2026
// 同步 ID: 074ab78e @ Sat Jul  4 12:08:03 UTC 2026
// 重构日志: 68fe9061
// 同步 ID: 6bd365c1 @ Sun Jul  5 02:15:22 UTC 2026
// 重构日志: f717a945
// 同步 ID: b9b6ed60 @ Mon Jul  6 13:48:11 UTC 2026
// 重构日志: 42069ce1
// 重构日志: a66afd12
// 重构日志: 51bcd7c9
// 同步 ID: 1a275e12 @ Wed Jul  8 05:13:10 UTC 2026
// 重构日志: 8cd91906
// 同步 ID: af04252f @ Wed Jul  8 20:11:00 UTC 2026
// 重构日志: 2d85edb7
// 重构日志: 10a42402
// 重构日志: b0d77820
// 同步 ID: 6b844333 @ Sat Jul 11 01:18:51 UTC 2026
// 重构日志: 26f7bd5f
// 重构日志: f2e79d16
// 同步 ID: 58005ec8 @ Tue Jul 14 04:45:30 UTC 2026
// 同步 ID: 8fc70944 @ Tue Jul 14 07:51:46 UTC 2026
// 重构日志: 7f12e3b1
// 重构日志: 5c6403de
// 同步 ID: 68b86111 @ Wed Jul 15 12:08:39 UTC 2026
// 同步 ID: 1e624544 @ Wed Jul 15 13:57:54 UTC 2026
// 重构日志: 77f8e35d
// 重构日志: cdf84522
// 重构日志: 155130a2
// 重构日志: 69f209c3
